SF:/Users/mrnkr/Documents/code/JsonApiDotNetCore.MongoDb/src/JsonApiDotNetCore.MongoDb/Queries/Internal/QueryableBuilding/QueryableBuilder.cs
FN:40,System.Linq.Expressions.Expression JsonApiDotNetCore.MongoDb.Queries.Internal.QueryableBuilding.QueryableBuilder::ApplyQuery(JsonApiDotNetCore.Queries.QueryLayer)
FNDA:4,System.Linq.Expressions.Expression JsonApiDotNetCore.MongoDb.Queries.Internal.QueryableBuilding.QueryableBuilder::ApplyQuery(JsonApiDotNetCore.Queries.QueryLayer)
DA:41,4
DA:42,0
DA:44,4
DA:46,4
DA:47,0
DA:48,0
DA:49,0
DA:51,4
DA:52,2
DA:53,2
DA:54,2
DA:56,4
DA:57,0
DA:58,0
DA:59,0
DA:61,4
DA:62,0
DA:63,0
DA:64,0
DA:66,4
DA:67,0
DA:68,0
DA:69,0
DA:71,4
DA:72,4
BRDA:42,7,0,0
BRDA:42,7,1,4
BRDA:46,38,0,0
BRDA:46,38,1,4
BRDA:51,73,0,2
BRDA:51,73,1,4
BRDA:56,104,0,0
BRDA:56,104,1,4
BRDA:61,135,0,0
BRDA:61,135,1,4
BRDA:66,159,0,0
BRDA:66,159,1,4
BRDA:66,179,0,0
BRDA:66,179,1,4
FN:74,System.Linq.Expressions.Expression JsonApiDotNetCore.MongoDb.Queries.Internal.QueryableBuilding.QueryableBuilder::ApplyInclude(System.Linq.Expressions.Expression,JsonApiDotNetCore.Queries.Expressions.IncludeExpression,JsonApiDotNetCore.Configuration.ResourceContext)
FNDA:0,System.Linq.Expressions.Expression JsonApiDotNetCore.MongoDb.Queries.Internal.QueryableBuilding.QueryableBuilder::ApplyInclude(System.Linq.Expressions.Expression,JsonApiDotNetCore.Queries.Expressions.IncludeExpression,JsonApiDotNetCore.Configuration.ResourceContext)
DA:75,0
DA:76,0
FN:79,System.Linq.Expressions.Expression JsonApiDotNetCore.MongoDb.Queries.Internal.QueryableBuilding.QueryableBuilder::ApplyFilter(System.Linq.Expressions.Expression,JsonApiDotNetCore.Queries.Expressions.FilterExpression)
FNDA:2,System.Linq.Expressions.Expression JsonApiDotNetCore.MongoDb.Queries.Internal.QueryableBuilding.QueryableBuilder::ApplyFilter(System.Linq.Expressions.Expression,JsonApiDotNetCore.Queries.Expressions.FilterExpression)
DA:80,2
DA:81,2
DA:83,2
DA:84,2
DA:85,2
FN:87,System.Linq.Expressions.Expression JsonApiDotNetCore.MongoDb.Queries.Internal.QueryableBuilding.QueryableBuilder::ApplySort(System.Linq.Expressions.Expression,JsonApiDotNetCore.Queries.Expressions.SortExpression)
FNDA:0,System.Linq.Expressions.Expression JsonApiDotNetCore.MongoDb.Queries.Internal.QueryableBuilding.QueryableBuilder::ApplySort(System.Linq.Expressions.Expression,JsonApiDotNetCore.Queries.Expressions.SortExpression)
DA:88,0
DA:89,0
DA:91,0
DA:92,0
DA:93,0
FN:95,System.Linq.Expressions.Expression JsonApiDotNetCore.MongoDb.Queries.Internal.QueryableBuilding.QueryableBuilder::ApplyPagination(System.Linq.Expressions.Expression,JsonApiDotNetCore.Queries.Expressions.PaginationExpression)
FNDA:0,System.Linq.Expressions.Expression JsonApiDotNetCore.MongoDb.Queries.Internal.QueryableBuilding.QueryableBuilder::ApplyPagination(System.Linq.Expressions.Expression,JsonApiDotNetCore.Queries.Expressions.PaginationExpression)
DA:96,0
DA:97,0
DA:99,0
DA:100,0
DA:101,0
FN:103,System.Linq.Expressions.Expression JsonApiDotNetCore.MongoDb.Queries.Internal.QueryableBuilding.QueryableBuilder::ApplyProjection(System.Linq.Expressions.Expression,System.Collections.Generic.IDictionary`2<JsonApiDotNetCore.Resources.Annotations.ResourceFieldAttribute,JsonApiDotNetCore.Queries.QueryLayer>,JsonApiDotNetCore.Configuration.ResourceContext)
FNDA:0,System.Linq.Expressions.Expression JsonApiDotNetCore.MongoDb.Queries.Internal.QueryableBuilding.QueryableBuilder::ApplyProjection(System.Linq.Expressions.Expression,System.Collections.Generic.IDictionary`2<JsonApiDotNetCore.Resources.Annotations.ResourceFieldAttribute,JsonApiDotNetCore.Queries.QueryLayer>,JsonApiDotNetCore.Configuration.ResourceContext)
DA:104,0
DA:105,0
FN:26,System.Void JsonApiDotNetCore.MongoDb.Queries.Internal.QueryableBuilding.QueryableBuilder::.ctor(System.Linq.Expressions.Expression,System.Type,System.Type,JsonApiDotNetCore.Queries.Internal.QueryableBuilding.LambdaParameterNameFactory,JsonApiDotNetCore.Resources.IResourceFactory,JsonApiDotNetCore.Configuration.IResourceContextProvider,JsonApiDotNetCore.Queries.Internal.QueryableBuilding.LambdaScopeFactory)
FNDA:4,System.Void JsonApiDotNetCore.MongoDb.Queries.Internal.QueryableBuilding.QueryableBuilder::.ctor(System.Linq.Expressions.Expression,System.Type,System.Type,JsonApiDotNetCore.Queries.Internal.QueryableBuilding.LambdaParameterNameFactory,JsonApiDotNetCore.Resources.IResourceFactory,JsonApiDotNetCore.Configuration.IResourceContextProvider,JsonApiDotNetCore.Queries.Internal.QueryableBuilding.LambdaScopeFactory)
DA:27,4
DA:28,4
DA:29,4
DA:30,4
DA:31,4
DA:32,4
DA:33,4
DA:34,4
DA:35,4
DA:36,4
DA:37,4
DA:38,4
BRDA:31,11,0,0
BRDA:31,11,1,4
BRDA:32,33,0,0
BRDA:32,33,1,4
BRDA:33,55,0,0
BRDA:33,55,1,4
BRDA:34,78,0,0
BRDA:34,78,1,4
BRDA:35,101,0,0
BRDA:35,101,1,4
BRDA:36,124,0,0
BRDA:36,124,1,4
BRDA:37,147,0,4
BRDA:37,147,1,4
LF:56
LH:29
BRF:28
BRH:16
FNF:7
FNH:3
end_of_record
SF:/Users/mrnkr/Documents/code/JsonApiDotNetCore.MongoDb/src/JsonApiDotNetCore.MongoDb/Extensions/MongoIQueryableExtensions.cs
FN:27,MongoDB.Driver.Linq.IMongoQueryable`1<T> JsonApiDotNetCore.MongoDb.Extensions.MongoIQueryableExtensions::ToMongoQueryable(System.Linq.IQueryable`1<T>)
FNDA:2,MongoDB.Driver.Linq.IMongoQueryable`1<T> JsonApiDotNetCore.MongoDb.Extensions.MongoIQueryableExtensions::ToMongoQueryable(System.Linq.IQueryable`1<T>)
DA:28,2
DA:29,2
DA:30,0
DA:31,0
DA:34,2
DA:35,2
BRDA:29,17,0,0
BRDA:29,17,1,2
FN:12,System.Void JsonApiDotNetCore.MongoDb.Extensions.MongoIQueryableExtensions/<ToListAsync>d__0`1::MoveNext()
FNDA:2,System.Void JsonApiDotNetCore.MongoDb.Extensions.MongoIQueryableExtensions/<ToListAsync>d__0`1::MoveNext()
DA:13,2
DA:14,2
DA:15,2
FN:17,System.Void JsonApiDotNetCore.MongoDb.Extensions.MongoIQueryableExtensions/<SingleOrDefaultAsync>d__1`1::MoveNext()
FNDA:0,System.Void JsonApiDotNetCore.MongoDb.Extensions.MongoIQueryableExtensions/<SingleOrDefaultAsync>d__1`1::MoveNext()
DA:18,0
DA:19,0
DA:20,0
FN:22,System.Void JsonApiDotNetCore.MongoDb.Extensions.MongoIQueryableExtensions/<FirstOrDefaultAsync>d__2`1::MoveNext()
FNDA:0,System.Void JsonApiDotNetCore.MongoDb.Extensions.MongoIQueryableExtensions/<FirstOrDefaultAsync>d__2`1::MoveNext()
DA:23,0
DA:24,0
DA:25,0
LF:15
LH:7
BRF:2
BRH:1
FNF:4
FNH:2
end_of_record
SF:/Users/mrnkr/Documents/code/JsonApiDotNetCore.MongoDb/src/JsonApiDotNetCore.MongoDb/Data/MongoEntityRepository.cs
FN:41,MongoDB.Driver.IMongoCollection`1<TResource> JsonApiDotNetCore.MongoDb.Data.MongoEntityRepository`2::get_Collection()
FNDA:11,MongoDB.Driver.IMongoCollection`1<TResource> JsonApiDotNetCore.MongoDb.Data.MongoEntityRepository`2::get_Collection()
DA:42,11
FN:42,MongoDB.Driver.Linq.IMongoQueryable`1<TResource> JsonApiDotNetCore.MongoDb.Data.MongoEntityRepository`2::get_Entities()
FNDA:4,MongoDB.Driver.Linq.IMongoQueryable`1<TResource> JsonApiDotNetCore.MongoDb.Data.MongoEntityRepository`2::get_Entities()
DA:43,4
FN:45,System.Threading.Tasks.Task`1<System.Int32> JsonApiDotNetCore.MongoDb.Data.MongoEntityRepository`2::CountAsync(JsonApiDotNetCore.Queries.Expressions.FilterExpression)
FNDA:2,System.Threading.Tasks.Task`1<System.Int32> JsonApiDotNetCore.MongoDb.Data.MongoEntityRepository`2::CountAsync(JsonApiDotNetCore.Queries.Expressions.FilterExpression)
DA:46,2
DA:47,2
DA:48,2
DA:49,2
DA:50,2
DA:51,2
DA:53,2
DA:54,2
DA:55,2
FN:57,System.Threading.Tasks.Task JsonApiDotNetCore.MongoDb.Data.MongoEntityRepository`2::CreateAsync(TResource)
FNDA:2,System.Threading.Tasks.Task JsonApiDotNetCore.MongoDb.Data.MongoEntityRepository`2::CreateAsync(TResource)
DA:58,2
DA:59,2
DA:60,2
FN:68,System.Void JsonApiDotNetCore.MongoDb.Data.MongoEntityRepository`2::FlushFromCache(TResource)
FNDA:1,System.Void JsonApiDotNetCore.MongoDb.Data.MongoEntityRepository`2::FlushFromCache(TResource)
DA:69,1
DA:70,1
FN:87,System.Threading.Tasks.Task JsonApiDotNetCore.MongoDb.Data.MongoEntityRepository`2::UpdateRelationshipAsync(System.Object,JsonApiDotNetCore.Resources.Annotations.RelationshipAttribute,System.Collections.Generic.IReadOnlyCollection`1<System.String>)
FNDA:1,System.Threading.Tasks.Task JsonApiDotNetCore.MongoDb.Data.MongoEntityRepository`2::UpdateRelationshipAsync(System.Object,JsonApiDotNetCore.Resources.Annotations.RelationshipAttribute,System.Collections.Generic.IReadOnlyCollection`1<System.String>)
DA:88,1
DA:89,1
FN:92,MongoDB.Driver.Linq.IMongoQueryable`1<TResource> JsonApiDotNetCore.MongoDb.Data.MongoEntityRepository`2::ApplyQueryLayer(JsonApiDotNetCore.Queries.QueryLayer)
FNDA:4,MongoDB.Driver.Linq.IMongoQueryable`1<TResource> JsonApiDotNetCore.MongoDb.Data.MongoEntityRepository`2::ApplyQueryLayer(JsonApiDotNetCore.Queries.QueryLayer)
DA:93,4
DA:94,0
DA:96,4
DA:98,4
DA:99,0
DA:100,0
DA:101,0
DA:102,4
DA:103,4
DA:105,0
DA:106,0
DA:107,0
DA:108,0
DA:110,4
DA:111,4
DA:113,4
DA:114,4
DA:115,4
BRDA:94,9,0,0
BRDA:94,9,1,4
BRDA:98,41,0,1
BRDA:98,41,1,4
BRDA:98,77,0,1
BRDA:98,77,1,4
BRDA:98,113,0,1
BRDA:98,113,1,4
BRDA:105,198,1,0
BRDA:105,198,0,4
FN:27,System.Void JsonApiDotNetCore.MongoDb.Data.MongoEntityRepository`2::.ctor(MongoDB.Driver.IMongoDatabase,JsonApiDotNetCore.Resources.ITargetedFields,JsonApiDotNetCore.Configuration.IResourceGraph,JsonApiDotNetCore.Resources.IResourceFactory,System.Collections.Generic.IEnumerable`1<JsonApiDotNetCore.Queries.IQueryConstraintProvider>)
FNDA:13,System.Void JsonApiDotNetCore.MongoDb.Data.MongoEntityRepository`2::.ctor(MongoDB.Driver.IMongoDatabase,JsonApiDotNetCore.Resources.ITargetedFields,JsonApiDotNetCore.Configuration.IResourceGraph,JsonApiDotNetCore.Resources.IResourceFactory,System.Collections.Generic.IEnumerable`1<JsonApiDotNetCore.Queries.IQueryConstraintProvider>)
DA:28,13
DA:29,13
DA:30,13
DA:31,13
DA:32,13
DA:33,13
DA:34,13
DA:35,13
DA:36,13
DA:37,13
DA:38,13
DA:39,13
DA:40,13
FN:62,System.Void JsonApiDotNetCore.MongoDb.Data.MongoEntityRepository`2/<DeleteAsync>d__12::MoveNext()
FNDA:3,System.Void JsonApiDotNetCore.MongoDb.Data.MongoEntityRepository`2/<DeleteAsync>d__12::MoveNext()
DA:63,3
DA:64,3
DA:65,3
DA:66,3
BRDA:65,248,0,3
BRDA:65,248,1,0
FN:73,System.Void JsonApiDotNetCore.MongoDb.Data.MongoEntityRepository`2/<GetAsync>d__14::MoveNext()
FNDA:2,System.Void JsonApiDotNetCore.MongoDb.Data.MongoEntityRepository`2/<GetAsync>d__14::MoveNext()
DA:74,2
DA:75,2
DA:76,2
DA:77,2
FN:79,System.Void JsonApiDotNetCore.MongoDb.Data.MongoEntityRepository`2/<UpdateAsync>d__15::MoveNext()
FNDA:2,System.Void JsonApiDotNetCore.MongoDb.Data.MongoEntityRepository`2/<UpdateAsync>d__15::MoveNext()
DA:80,2
DA:81,8
DA:82,1
DA:84,2
DA:85,2
BRDA:81,128,1,1
BRDA:81,128,0,2
LF:62
LH:54
BRF:14
BRH:11
FNF:11
FNH:11
end_of_record