SF:/Users/mrnkr/Documents/code/JsonApiDotNetCore.MongoDb/src/JsonApiDotNetCore.MongoDb/MongoEntityRepository.cs
FN:41,MongoDB.Driver.IMongoCollection`1<TResource> JsonApiDotNetCore.MongoDb.MongoEntityRepository`2::get_Collection()
FNDA:1,MongoDB.Driver.IMongoCollection`1<TResource> JsonApiDotNetCore.MongoDb.MongoEntityRepository`2::get_Collection()
DA:42,1
FN:42,MongoDB.Driver.Linq.IMongoQueryable`1<TResource> JsonApiDotNetCore.MongoDb.MongoEntityRepository`2::get_Entities()
FNDA:0,MongoDB.Driver.Linq.IMongoQueryable`1<TResource> JsonApiDotNetCore.MongoDb.MongoEntityRepository`2::get_Entities()
DA:43,0
FN:45,System.Threading.Tasks.Task`1<System.Int32> JsonApiDotNetCore.MongoDb.MongoEntityRepository`2::CountAsync(JsonApiDotNetCore.Queries.Expressions.FilterExpression)
FNDA:0,System.Threading.Tasks.Task`1<System.Int32> JsonApiDotNetCore.MongoDb.MongoEntityRepository`2::CountAsync(JsonApiDotNetCore.Queries.Expressions.FilterExpression)
DA:46,0
DA:47,0
DA:48,0
DA:49,0
DA:50,0
DA:51,0
DA:53,0
DA:54,0
DA:55,0
FN:57,System.Threading.Tasks.Task JsonApiDotNetCore.MongoDb.MongoEntityRepository`2::CreateAsync(TResource)
FNDA:0,System.Threading.Tasks.Task JsonApiDotNetCore.MongoDb.MongoEntityRepository`2::CreateAsync(TResource)
DA:58,0
FN:66,System.Void JsonApiDotNetCore.MongoDb.MongoEntityRepository`2::FlushFromCache(TResource)
FNDA:1,System.Void JsonApiDotNetCore.MongoDb.MongoEntityRepository`2::FlushFromCache(TResource)
DA:67,1
FN:80,System.Threading.Tasks.Task JsonApiDotNetCore.MongoDb.MongoEntityRepository`2::UpdateRelationshipAsync(System.Object,JsonApiDotNetCore.Resources.Annotations.RelationshipAttribute,System.Collections.Generic.IReadOnlyCollection`1<System.String>)
FNDA:1,System.Threading.Tasks.Task JsonApiDotNetCore.MongoDb.MongoEntityRepository`2::UpdateRelationshipAsync(System.Object,JsonApiDotNetCore.Resources.Annotations.RelationshipAttribute,System.Collections.Generic.IReadOnlyCollection`1<System.String>)
DA:81,1
FN:83,MongoDB.Driver.Linq.IMongoQueryable`1<TResource> JsonApiDotNetCore.MongoDb.MongoEntityRepository`2::ApplyQueryLayer(JsonApiDotNetCore.Queries.QueryLayer)
FNDA:0,MongoDB.Driver.Linq.IMongoQueryable`1<TResource> JsonApiDotNetCore.MongoDb.MongoEntityRepository`2::ApplyQueryLayer(JsonApiDotNetCore.Queries.QueryLayer)
DA:84,0
DA:85,0
DA:87,0
DA:88,0
DA:90,0
DA:91,0
DA:92,0
FN:27,System.Void JsonApiDotNetCore.MongoDb.MongoEntityRepository`2::.ctor(MongoDB.Driver.IMongoDatabase,JsonApiDotNetCore.Resources.ITargetedFields,JsonApiDotNetCore.Configuration.IResourceGraph,JsonApiDotNetCore.Resources.IResourceFactory,System.Collections.Generic.IEnumerable`1<JsonApiDotNetCore.Queries.IQueryConstraintProvider>)
FNDA:3,System.Void JsonApiDotNetCore.MongoDb.MongoEntityRepository`2::.ctor(MongoDB.Driver.IMongoDatabase,JsonApiDotNetCore.Resources.ITargetedFields,JsonApiDotNetCore.Configuration.IResourceGraph,JsonApiDotNetCore.Resources.IResourceFactory,System.Collections.Generic.IEnumerable`1<JsonApiDotNetCore.Queries.IQueryConstraintProvider>)
DA:28,3
DA:29,3
DA:30,3
DA:31,3
DA:32,3
DA:33,3
DA:34,3
DA:35,3
DA:36,3
DA:37,3
DA:38,3
DA:39,3
DA:40,3
FN:60,System.Void JsonApiDotNetCore.MongoDb.MongoEntityRepository`2/<DeleteAsync>d__12::MoveNext()
FNDA:0,System.Void JsonApiDotNetCore.MongoDb.MongoEntityRepository`2/<DeleteAsync>d__12::MoveNext()
DA:61,0
DA:62,0
DA:63,0
DA:64,0
BRDA:63,248,0,0
BRDA:63,248,1,0
FN:69,System.Void JsonApiDotNetCore.MongoDb.MongoEntityRepository`2/<GetAsync>d__14::MoveNext()
FNDA:0,System.Void JsonApiDotNetCore.MongoDb.MongoEntityRepository`2/<GetAsync>d__14::MoveNext()
DA:70,0
FN:72,System.Void JsonApiDotNetCore.MongoDb.MongoEntityRepository`2/<UpdateAsync>d__15::MoveNext()
FNDA:1,System.Void JsonApiDotNetCore.MongoDb.MongoEntityRepository`2/<UpdateAsync>d__15::MoveNext()
DA:73,1
DA:74,5
DA:75,1
DA:77,1
DA:78,1
BRDA:74,128,1,1
BRDA:74,128,0,1
LF:44
LH:21
BRF:4
BRH:2
FNF:11
FNH:5
end_of_record
SF:/Users/mrnkr/Documents/code/JsonApiDotNetCore.MongoDb/src/JsonApiDotNetCore.MongoDb/Queries/Internal/QueryableBuilding/QueryableBuilder.cs
FN:37,System.Linq.Expressions.Expression JsonApiDotNetCore.MongoDb.Queries.Internal.QueryableBuilding.QueryableBuilder::ApplyQuery(JsonApiDotNetCore.Queries.QueryLayer)
FNDA:0,System.Linq.Expressions.Expression JsonApiDotNetCore.MongoDb.Queries.Internal.QueryableBuilding.QueryableBuilder::ApplyQuery(JsonApiDotNetCore.Queries.QueryLayer)
DA:38,0
DA:39,0
DA:41,0
DA:43,0
DA:44,0
DA:45,0
DA:46,0
DA:48,0
DA:49,0
DA:50,0
DA:51,0
DA:53,0
DA:54,0
DA:55,0
DA:56,0
DA:58,0
DA:59,0
BRDA:39,3,0,0
BRDA:39,3,1,0
BRDA:43,37,0,0
BRDA:43,37,1,0
BRDA:48,66,0,0
BRDA:48,66,1,0
BRDA:53,95,0,0
BRDA:53,95,1,0
FN:61,System.Linq.Expressions.Expression JsonApiDotNetCore.MongoDb.Queries.Internal.QueryableBuilding.QueryableBuilder::ApplyFilter(System.Linq.Expressions.Expression,JsonApiDotNetCore.Queries.Expressions.FilterExpression)
FNDA:0,System.Linq.Expressions.Expression JsonApiDotNetCore.MongoDb.Queries.Internal.QueryableBuilding.QueryableBuilder::ApplyFilter(System.Linq.Expressions.Expression,JsonApiDotNetCore.Queries.Expressions.FilterExpression)
DA:62,0
DA:63,0
DA:65,0
DA:66,0
DA:67,0
FN:69,System.Linq.Expressions.Expression JsonApiDotNetCore.MongoDb.Queries.Internal.QueryableBuilding.QueryableBuilder::ApplySort(System.Linq.Expressions.Expression,JsonApiDotNetCore.Queries.Expressions.SortExpression)
FNDA:0,System.Linq.Expressions.Expression JsonApiDotNetCore.MongoDb.Queries.Internal.QueryableBuilding.QueryableBuilder::ApplySort(System.Linq.Expressions.Expression,JsonApiDotNetCore.Queries.Expressions.SortExpression)
DA:70,0
DA:71,0
DA:73,0
DA:74,0
DA:75,0
FN:77,System.Linq.Expressions.Expression JsonApiDotNetCore.MongoDb.Queries.Internal.QueryableBuilding.QueryableBuilder::ApplyPagination(System.Linq.Expressions.Expression,JsonApiDotNetCore.Queries.Expressions.PaginationExpression)
FNDA:0,System.Linq.Expressions.Expression JsonApiDotNetCore.MongoDb.Queries.Internal.QueryableBuilding.QueryableBuilder::ApplyPagination(System.Linq.Expressions.Expression,JsonApiDotNetCore.Queries.Expressions.PaginationExpression)
DA:78,0
DA:79,0
DA:81,0
DA:82,0
DA:83,0
FN:23,System.Void JsonApiDotNetCore.MongoDb.Queries.Internal.QueryableBuilding.QueryableBuilder::.ctor(System.Linq.Expressions.Expression,System.Type,System.Type,JsonApiDotNetCore.Queries.Internal.QueryableBuilding.LambdaParameterNameFactory,JsonApiDotNetCore.Resources.IResourceFactory,JsonApiDotNetCore.Configuration.IResourceContextProvider,JsonApiDotNetCore.Queries.Internal.QueryableBuilding.LambdaScopeFactory)
FNDA:0,System.Void JsonApiDotNetCore.MongoDb.Queries.Internal.QueryableBuilding.QueryableBuilder::.ctor(System.Linq.Expressions.Expression,System.Type,System.Type,JsonApiDotNetCore.Queries.Internal.QueryableBuilding.LambdaParameterNameFactory,JsonApiDotNetCore.Resources.IResourceFactory,JsonApiDotNetCore.Configuration.IResourceContextProvider,JsonApiDotNetCore.Queries.Internal.QueryableBuilding.LambdaScopeFactory)
DA:24,0
DA:25,0
DA:26,0
DA:27,0
DA:28,0
DA:29,0
DA:30,0
DA:31,0
DA:32,0
DA:33,0
DA:34,0
DA:35,0
BRDA:28,11,0,0
BRDA:28,11,1,0
BRDA:29,33,0,0
BRDA:29,33,1,0
BRDA:30,55,0,0
BRDA:30,55,1,0
BRDA:31,78,0,0
BRDA:31,78,1,0
BRDA:32,101,0,0
BRDA:32,101,1,0
BRDA:33,124,0,0
BRDA:33,124,1,0
BRDA:34,147,0,0
BRDA:34,147,1,0
LF:44
LH:0
BRF:22
BRH:0
FNF:5
FNH:0
end_of_record
SF:/Users/mrnkr/Documents/code/JsonApiDotNetCore.MongoDb/src/JsonApiDotNetCore.MongoDb/Extensions/MongoIQueryableExtensions.cs
FN:15,MongoDB.Driver.Linq.IMongoQueryable`1<T> JsonApiDotNetCore.MongoDb.Extensions.MongoIQueryableExtensions::ToMongoQueryable(System.Linq.IQueryable`1<T>)
FNDA:0,MongoDB.Driver.Linq.IMongoQueryable`1<T> JsonApiDotNetCore.MongoDb.Extensions.MongoIQueryableExtensions::ToMongoQueryable(System.Linq.IQueryable`1<T>)
DA:16,0
DA:17,0
DA:18,0
BRDA:16,8,0,0
BRDA:16,8,1,0
FN:12,System.Void JsonApiDotNetCore.MongoDb.Extensions.MongoIQueryableExtensions/<ToListAsync>d__0`1::MoveNext()
FNDA:0,System.Void JsonApiDotNetCore.MongoDb.Extensions.MongoIQueryableExtensions/<ToListAsync>d__0`1::MoveNext()
DA:13,0
LF:4
LH:0
BRF:2
BRH:0
FNF:2
FNH:0
end_of_record