SF:/Users/mrnkr/Documents/code/JsonApiDotNetCore.MongoDb/src/JsonApiDotNetCore.MongoDb/MongoEntityRepository.cs
FN:41,MongoDB.Driver.IMongoCollection`1<TResource> JsonApiDotNetCore.MongoDb.MongoEntityRepository`2::get_Collection()
FNDA:29,MongoDB.Driver.IMongoCollection`1<TResource> JsonApiDotNetCore.MongoDb.MongoEntityRepository`2::get_Collection()
DA:42,29
FN:42,MongoDB.Driver.Linq.IMongoQueryable`1<TResource> JsonApiDotNetCore.MongoDb.MongoEntityRepository`2::get_Entities()
FNDA:26,MongoDB.Driver.Linq.IMongoQueryable`1<TResource> JsonApiDotNetCore.MongoDb.MongoEntityRepository`2::get_Entities()
DA:43,26
FN:45,System.Threading.Tasks.Task`1<System.Int32> JsonApiDotNetCore.MongoDb.MongoEntityRepository`2::CountAsync(JsonApiDotNetCore.Queries.Expressions.FilterExpression)
FNDA:12,System.Threading.Tasks.Task`1<System.Int32> JsonApiDotNetCore.MongoDb.MongoEntityRepository`2::CountAsync(JsonApiDotNetCore.Queries.Expressions.FilterExpression)
DA:46,12
DA:47,12
DA:48,12
DA:49,12
DA:50,12
DA:51,12
DA:53,12
DA:54,12
DA:55,12
FN:57,System.Threading.Tasks.Task JsonApiDotNetCore.MongoDb.MongoEntityRepository`2::CreateAsync(TResource)
FNDA:2,System.Threading.Tasks.Task JsonApiDotNetCore.MongoDb.MongoEntityRepository`2::CreateAsync(TResource)
DA:58,2
FN:66,System.Void JsonApiDotNetCore.MongoDb.MongoEntityRepository`2::FlushFromCache(TResource)
FNDA:0,System.Void JsonApiDotNetCore.MongoDb.MongoEntityRepository`2::FlushFromCache(TResource)
DA:67,0
FN:80,System.Threading.Tasks.Task JsonApiDotNetCore.MongoDb.MongoEntityRepository`2::UpdateRelationshipAsync(System.Object,JsonApiDotNetCore.Resources.Annotations.RelationshipAttribute,System.Collections.Generic.IReadOnlyCollection`1<System.String>)
FNDA:0,System.Threading.Tasks.Task JsonApiDotNetCore.MongoDb.MongoEntityRepository`2::UpdateRelationshipAsync(System.Object,JsonApiDotNetCore.Resources.Annotations.RelationshipAttribute,System.Collections.Generic.IReadOnlyCollection`1<System.String>)
DA:81,0
FN:83,MongoDB.Driver.Linq.IMongoQueryable`1<TResource> JsonApiDotNetCore.MongoDb.MongoEntityRepository`2::ApplyQueryLayer(JsonApiDotNetCore.Queries.QueryLayer)
FNDA:26,MongoDB.Driver.Linq.IMongoQueryable`1<TResource> JsonApiDotNetCore.MongoDb.MongoEntityRepository`2::ApplyQueryLayer(JsonApiDotNetCore.Queries.QueryLayer)
DA:84,26
DA:85,26
DA:87,26
DA:89,26
DA:90,182
DA:91,94
DA:92,94
DA:93,26
DA:94,26
DA:96,0
DA:97,0
DA:98,0
DA:99,0
DA:101,26
DA:102,26
DA:104,26
DA:105,26
DA:106,26
BRDA:85,3,0,0
BRDA:85,3,1,26
BRDA:89,38,0,1
BRDA:89,38,1,26
BRDA:89,74,0,1
BRDA:89,74,1,26
BRDA:89,110,0,1
BRDA:89,110,1,26
BRDA:96,195,1,0
BRDA:96,195,0,26
FN:27,System.Void JsonApiDotNetCore.MongoDb.MongoEntityRepository`2::.ctor(MongoDB.Driver.IMongoDatabase,JsonApiDotNetCore.Resources.ITargetedFields,JsonApiDotNetCore.Configuration.IResourceGraph,JsonApiDotNetCore.Resources.IResourceFactory,System.Collections.Generic.IEnumerable`1<JsonApiDotNetCore.Queries.IQueryConstraintProvider>)
FNDA:15,System.Void JsonApiDotNetCore.MongoDb.MongoEntityRepository`2::.ctor(MongoDB.Driver.IMongoDatabase,JsonApiDotNetCore.Resources.ITargetedFields,JsonApiDotNetCore.Configuration.IResourceGraph,JsonApiDotNetCore.Resources.IResourceFactory,System.Collections.Generic.IEnumerable`1<JsonApiDotNetCore.Queries.IQueryConstraintProvider>)
DA:28,15
DA:29,15
DA:30,15
DA:31,15
DA:32,15
DA:33,15
DA:34,15
DA:35,15
DA:36,15
DA:37,15
DA:38,15
DA:39,15
DA:40,15
FN:60,System.Void JsonApiDotNetCore.MongoDb.MongoEntityRepository`2/<DeleteAsync>d__12::MoveNext()
FNDA:1,System.Void JsonApiDotNetCore.MongoDb.MongoEntityRepository`2/<DeleteAsync>d__12::MoveNext()
DA:61,1
DA:62,1
DA:63,1
DA:64,1
BRDA:63,248,0,1
BRDA:63,248,1,0
FN:69,System.Void JsonApiDotNetCore.MongoDb.MongoEntityRepository`2/<GetAsync>d__14::MoveNext()
FNDA:14,System.Void JsonApiDotNetCore.MongoDb.MongoEntityRepository`2/<GetAsync>d__14::MoveNext()
DA:70,14
FN:72,System.Void JsonApiDotNetCore.MongoDb.MongoEntityRepository`2/<UpdateAsync>d__15::MoveNext()
FNDA:0,System.Void JsonApiDotNetCore.MongoDb.MongoEntityRepository`2/<UpdateAsync>d__15::MoveNext()
DA:73,0
DA:74,0
DA:75,0
DA:77,0
DA:78,0
BRDA:74,128,1,0
BRDA:74,128,0,0
LF:55
LH:44
BRF:14
BRH:9
FNF:11
FNH:8
end_of_record
SF:/Users/mrnkr/Documents/code/JsonApiDotNetCore.MongoDb/src/JsonApiDotNetCore.MongoDb/Queries/Internal/QueryableBuilding/QueryableBuilder.cs
FN:37,System.Linq.Expressions.Expression JsonApiDotNetCore.MongoDb.Queries.Internal.QueryableBuilding.QueryableBuilder::ApplyQuery(JsonApiDotNetCore.Queries.QueryLayer)
FNDA:26,System.Linq.Expressions.Expression JsonApiDotNetCore.MongoDb.Queries.Internal.QueryableBuilding.QueryableBuilder::ApplyQuery(JsonApiDotNetCore.Queries.QueryLayer)
DA:38,26
DA:39,26
DA:41,26
DA:43,26
DA:44,14
DA:45,14
DA:46,14
DA:48,26
DA:49,12
DA:50,12
DA:51,12
DA:53,26
DA:54,12
DA:55,12
DA:56,12
DA:58,26
DA:59,26
BRDA:39,3,0,0
BRDA:39,3,1,26
BRDA:43,37,0,14
BRDA:43,37,1,26
BRDA:48,66,0,12
BRDA:48,66,1,26
BRDA:53,95,0,12
BRDA:53,95,1,26
FN:61,System.Linq.Expressions.Expression JsonApiDotNetCore.MongoDb.Queries.Internal.QueryableBuilding.QueryableBuilder::ApplyFilter(System.Linq.Expressions.Expression,JsonApiDotNetCore.Queries.Expressions.FilterExpression)
FNDA:14,System.Linq.Expressions.Expression JsonApiDotNetCore.MongoDb.Queries.Internal.QueryableBuilding.QueryableBuilder::ApplyFilter(System.Linq.Expressions.Expression,JsonApiDotNetCore.Queries.Expressions.FilterExpression)
DA:62,14
DA:63,14
DA:65,14
DA:66,14
DA:67,14
FN:69,System.Linq.Expressions.Expression JsonApiDotNetCore.MongoDb.Queries.Internal.QueryableBuilding.QueryableBuilder::ApplySort(System.Linq.Expressions.Expression,JsonApiDotNetCore.Queries.Expressions.SortExpression)
FNDA:12,System.Linq.Expressions.Expression JsonApiDotNetCore.MongoDb.Queries.Internal.QueryableBuilding.QueryableBuilder::ApplySort(System.Linq.Expressions.Expression,JsonApiDotNetCore.Queries.Expressions.SortExpression)
DA:70,12
DA:71,12
DA:73,12
DA:74,12
DA:75,12
FN:77,System.Linq.Expressions.Expression JsonApiDotNetCore.MongoDb.Queries.Internal.QueryableBuilding.QueryableBuilder::ApplyPagination(System.Linq.Expressions.Expression,JsonApiDotNetCore.Queries.Expressions.PaginationExpression)
FNDA:12,System.Linq.Expressions.Expression JsonApiDotNetCore.MongoDb.Queries.Internal.QueryableBuilding.QueryableBuilder::ApplyPagination(System.Linq.Expressions.Expression,JsonApiDotNetCore.Queries.Expressions.PaginationExpression)
DA:78,12
DA:79,12
DA:81,12
DA:82,12
DA:83,12
FN:23,System.Void JsonApiDotNetCore.MongoDb.Queries.Internal.QueryableBuilding.QueryableBuilder::.ctor(System.Linq.Expressions.Expression,System.Type,System.Type,JsonApiDotNetCore.Queries.Internal.QueryableBuilding.LambdaParameterNameFactory,JsonApiDotNetCore.Resources.IResourceFactory,JsonApiDotNetCore.Configuration.IResourceContextProvider,JsonApiDotNetCore.Queries.Internal.QueryableBuilding.LambdaScopeFactory)
FNDA:26,System.Void JsonApiDotNetCore.MongoDb.Queries.Internal.QueryableBuilding.QueryableBuilder::.ctor(System.Linq.Expressions.Expression,System.Type,System.Type,JsonApiDotNetCore.Queries.Internal.QueryableBuilding.LambdaParameterNameFactory,JsonApiDotNetCore.Resources.IResourceFactory,JsonApiDotNetCore.Configuration.IResourceContextProvider,JsonApiDotNetCore.Queries.Internal.QueryableBuilding.LambdaScopeFactory)
DA:24,26
DA:25,26
DA:26,26
DA:27,26
DA:28,26
DA:29,26
DA:30,26
DA:31,26
DA:32,26
DA:33,26
DA:34,26
DA:35,26
BRDA:28,11,0,0
BRDA:28,11,1,26
BRDA:29,33,0,0
BRDA:29,33,1,26
BRDA:30,55,0,0
BRDA:30,55,1,26
BRDA:31,78,0,0
BRDA:31,78,1,26
BRDA:32,101,0,0
BRDA:32,101,1,26
BRDA:33,124,0,0
BRDA:33,124,1,26
BRDA:34,147,0,26
BRDA:34,147,1,26
LF:44
LH:44
BRF:22
BRH:15
FNF:5
FNH:5
end_of_record
SF:/Users/mrnkr/Documents/code/JsonApiDotNetCore.MongoDb/src/JsonApiDotNetCore.MongoDb/Extensions/MongoIQueryableExtensions.cs
FN:15,System.Threading.Tasks.Task`1<T> JsonApiDotNetCore.MongoDb.Extensions.MongoIQueryableExtensions::SingleOrDefaultAsync(System.Linq.IQueryable`1<T>)
FNDA:0,System.Threading.Tasks.Task`1<T> JsonApiDotNetCore.MongoDb.Extensions.MongoIQueryableExtensions::SingleOrDefaultAsync(System.Linq.IQueryable`1<T>)
DA:16,0
FN:18,System.Threading.Tasks.Task`1<T> JsonApiDotNetCore.MongoDb.Extensions.MongoIQueryableExtensions::FirstOrDefaultAsync(System.Linq.IQueryable`1<T>)
FNDA:0,System.Threading.Tasks.Task`1<T> JsonApiDotNetCore.MongoDb.Extensions.MongoIQueryableExtensions::FirstOrDefaultAsync(System.Linq.IQueryable`1<T>)
DA:19,0
FN:21,MongoDB.Driver.Linq.IMongoQueryable`1<T> JsonApiDotNetCore.MongoDb.Extensions.MongoIQueryableExtensions::ToMongoQueryable(System.Linq.IQueryable`1<T>)
FNDA:14,MongoDB.Driver.Linq.IMongoQueryable`1<T> JsonApiDotNetCore.MongoDb.Extensions.MongoIQueryableExtensions::ToMongoQueryable(System.Linq.IQueryable`1<T>)
DA:22,14
DA:23,14
DA:24,14
BRDA:22,8,0,0
BRDA:22,8,1,14
FN:12,System.Void JsonApiDotNetCore.MongoDb.Extensions.MongoIQueryableExtensions/<ToListAsync>d__0`1::MoveNext()
FNDA:14,System.Void JsonApiDotNetCore.MongoDb.Extensions.MongoIQueryableExtensions/<ToListAsync>d__0`1::MoveNext()
DA:13,14
LF:6
LH:4
BRF:2
BRH:1
FNF:4
FNH:2
end_of_record
SF:/Users/mrnkr/Documents/code/JsonApiDotNetCore.MongoDb/src/Example/Program.cs
FN:8,System.Void Example.Program::Main(System.String[])
FNDA:0,System.Void Example.Program::Main(System.String[])
DA:9,0
DA:10,0
DA:11,0
FN:13,Microsoft.Extensions.Hosting.IHostBuilder Example.Program::CreateHostBuilder(System.String[])
FNDA:0,Microsoft.Extensions.Hosting.IHostBuilder Example.Program::CreateHostBuilder(System.String[])
DA:14,0
DA:15,0
DA:16,0
DA:17,0
DA:18,0
LF:8
LH:0
BRF:0
BRH:0
FNF:2
FNH:0
end_of_record
SF:/Users/mrnkr/Documents/code/JsonApiDotNetCore.MongoDb/src/Example/Startup.cs
FN:20,Microsoft.Extensions.Configuration.IConfiguration Example.Startup::get_Configuration()
FNDA:0,Microsoft.Extensions.Configuration.IConfiguration Example.Startup::get_Configuration()
DA:21,0
FN:24,System.Void Example.Startup::ConfigureServices(Microsoft.Extensions.DependencyInjection.IServiceCollection)
FNDA:3,System.Void Example.Startup::ConfigureServices(Microsoft.Extensions.DependencyInjection.IServiceCollection)
DA:25,3
DA:26,3
DA:27,0
DA:28,0
DA:29,0
DA:30,0
DA:32,3
DA:33,3
DA:34,6
DA:35,6
DA:36,6
DA:37,6
DA:38,6
DA:39,6
DA:40,6
DA:41,6
DA:42,6
DA:43,3
FN:46,System.Void Example.Startup::Configure(Microsoft.AspNetCore.Builder.IApplicationBuilder,Microsoft.AspNetCore.Hosting.IWebHostEnvironment)
FNDA:3,System.Void Example.Startup::Configure(Microsoft.AspNetCore.Builder.IApplicationBuilder,Microsoft.AspNetCore.Hosting.IWebHostEnvironment)
DA:47,3
DA:48,3
DA:49,3
DA:50,3
DA:51,6
DA:52,3
FN:15,System.Void Example.Startup::.ctor(Microsoft.Extensions.Configuration.IConfiguration)
FNDA:3,System.Void Example.Startup::.ctor(Microsoft.Extensions.Configuration.IConfiguration)
DA:16,3
DA:17,3
DA:18,3
DA:19,3
LF:29
LH:24
BRF:0
BRH:0
FNF:4
FNH:3
end_of_record
SF:/Users/mrnkr/Documents/code/JsonApiDotNetCore.MongoDb/src/Example/Models/Book.cs
FN:12,System.String Example.Models.Book::get_Id()
FNDA:1454,System.String Example.Models.Book::get_Id()
DA:13,1454
FN:15,System.String Example.Models.Book::get_Name()
FNDA:928,System.String Example.Models.Book::get_Name()
DA:16,928
FN:19,System.Decimal Example.Models.Book::get_Price()
FNDA:1175,System.Decimal Example.Models.Book::get_Price()
DA:20,1175
FN:22,System.String Example.Models.Book::get_Category()
FNDA:898,System.String Example.Models.Book::get_Category()
DA:23,898
FN:25,System.String Example.Models.Book::get_Author()
FNDA:898,System.String Example.Models.Book::get_Author()
DA:26,898
FN:28,System.String Example.Models.Book::get_StringId()
FNDA:0,System.String Example.Models.Book::get_StringId()
DA:29,0
LF:6
LH:5
BRF:0
BRH:0
FNF:6
FNH:5
end_of_record
SF:/Users/mrnkr/Documents/code/JsonApiDotNetCore.MongoDb/src/Example/Controllers/BooksController.cs
FN:11,System.Void Example.Controllers.BooksController::.ctor(JsonApiDotNetCore.Configuration.IJsonApiOptions,Microsoft.Extensions.Logging.ILoggerFactory,JsonApiDotNetCore.Services.IResourceService`2<Example.Models.Book,System.String>)
FNDA:15,System.Void Example.Controllers.BooksController::.ctor(JsonApiDotNetCore.Configuration.IJsonApiOptions,Microsoft.Extensions.Logging.ILoggerFactory,JsonApiDotNetCore.Services.IResourceService`2<Example.Models.Book,System.String>)
DA:12,15
DA:13,15
DA:14,15
LF:3
LH:3
BRF:0
BRH:0
FNF:1
FNH:1
end_of_record